<?xml version="1.0" encoding="UTF-8"?>
<!-- Generated by org.testng.reporters.JUnitReportReporter -->
<testsuite hostname="DESKTOP-B1U187D" failures="0" tests="2" name="MonosnapWebTest" time="13.137" errors="0" timestamp="2022-12-03T21:23:14 WAT" skipped="0">
  <testcase classname="MonosnapWebTest" name="getPageTitle" time="4.682"/>
  <system-out/>
  <testcase classname="MonosnapWebTest" name="login" time="8.455"/>
  <system-out/>
</testsuite> <!-- MonosnapWebTest -->
